# JRE version: OpenJDK Runtime Environment (21.0.6) (build 21.0.6+-13391695-b895.109)
# Java VM: OpenJDK 64-Bit Server VM (21.0.6+-13391695-b895.109, mixed mode, tiered, compressed oops, compressed class ptrs, g1 gc, windows-amd64)
GC Precious Log:
 CardTable entry size: 512
 Card Set container configuration: InlinePtr #cards 5 size 8 Array Of Cards #cards 12 size 40 Howl #buckets 4 coarsen threshold 1843 Howl Bitmap #cards 512 size 80 coarsen threshold 460 Card regions per heap region 1 cards per card region 2048
 CPUs: 4 total, 4 available
 Memory: 8080M
 Large Page Support: Disabled
 NUMA Support: Disabled
 Compressed Oops: Enabled (32-bit)
 Heap Region Size: 1M
 Heap Min Capacity: 8M
 Heap Initial Capacity: 128M
 Heap Max Capacity: 2G
 Pre-touch: Disabled
 Parallel Workers: 4
 Concurrent Workers: 1
 Concurrent Refinement Workers: 4
 Periodic GC: Disabled
Heap:
 garbage-first heap   total 471040K, used 469504K [0x0000000080000000, 0x0000000100000000)
  region size 1024K, 222 young (227328K), 1 survivors (1024K)
 Metaspace       used 200891K, committed 202368K, reserved 1245184K
  class space    used 26411K, committed 27136K, reserved 1048576K
GC Heap History (20 events):
Event: 2274.702 GC heap after
{Heap after GC invocations=78 (full 0):
 garbage-first heap   total 294912K, used 153488K [0x0000000080000000, 0x0000000100000000)
  region size 1024K, 9 young (9216K), 9 survivors (9216K)
 Metaspace       used 163304K, committed 165760K, reserved 1245184K
  class space    used 21187K, committed 22400K, reserved 1048576K
}
Event: 2274.923 GC heap before
{Heap before GC invocations=78 (full 0):
 garbage-first heap   total 294912K, used 161680K [0x0000000080000000, 0x0000000100000000)
  region size 1024K, 18 young (18432K), 9 survivors (9216K)
 Metaspace       used 163699K, committed 166144K, reserved 1245184K
  class space    used 21240K, committed 22464K, reserved 1048576K
}
Event: 2274.957 GC heap after
{Heap after GC invocations=79 (full 0):
 garbage-first heap   total 294912K, used 156078K [0x0000000080000000, 0x0000000100000000)
  region size 1024K, 3 young (3072K), 3 survivors (3072K)
 Metaspace       used 163699K, committed 166144K, reserved 1245184K
  class space    used 21240K, committed 22464K, reserved 1048576K
}
Event: 2278.741 GC heap before
{Heap before GC invocations=80 (full 0):
 garbage-first heap   total 294912K, used 229806K [0x0000000080000000, 0x0000000100000000)
  region size 1024K, 72 young (73728K), 3 survivors (3072K)
 Metaspace       used 162917K, committed 166656K, reserved 1245184K
  class space    used 21007K, committed 22720K, reserved 1048576K
}
Event: 2278.758 GC heap after
{Heap after GC invocations=81 (full 0):
 garbage-first heap   total 294912K, used 160711K [0x0000000080000000, 0x0000000100000000)
  region size 1024K, 8 young (8192K), 8 survivors (8192K)
 Metaspace       used 162917K, committed 166656K, reserved 1245184K
  class space    used 21007K, committed 22720K, reserved 1048576K
}
Event: 2281.260 GC heap before
{Heap before GC invocations=81 (full 0):
 garbage-first heap   total 294912K, used 265159K [0x0000000080000000, 0x0000000100000000)
  region size 1024K, 109 young (111616K), 8 survivors (8192K)
 Metaspace       used 170240K, committed 172096K, reserved 1245184K
  class space    used 22175K, committed 23296K, reserved 1048576K
}
Event: 2281.328 GC heap after
{Heap after GC invocations=82 (full 0):
 garbage-first heap   total 294912K, used 154202K [0x0000000080000000, 0x0000000100000000)
  region size 1024K, 12 young (12288K), 12 survivors (12288K)
 Metaspace       used 170240K, committed 172096K, reserved 1245184K
  class space    used 22175K, committed 23296K, reserved 1048576K
}
Event: 2284.088 GC heap before
{Heap before GC invocations=82 (full 0):
 garbage-first heap   total 294912K, used 265818K [0x0000000080000000, 0x0000000100000000)
  region size 1024K, 121 young (123904K), 12 survivors (12288K)
 Metaspace       used 176355K, committed 177856K, reserved 1245184K
  class space    used 23135K, committed 23872K, reserved 1048576K
}
Event: 2284.196 GC heap after
{Heap after GC invocations=83 (full 0):
 garbage-first heap   total 295936K, used 156672K [0x0000000080000000, 0x0000000100000000)
  region size 1024K, 13 young (13312K), 13 survivors (13312K)
 Metaspace       used 176355K, committed 177856K, reserved 1245184K
  class space    used 23135K, committed 23872K, reserved 1048576K
}
Event: 2287.393 GC heap before
{Heap before GC invocations=83 (full 0):
 garbage-first heap   total 295936K, used 276480K [0x0000000080000000, 0x0000000100000000)
  region size 1024K, 120 young (122880K), 13 survivors (13312K)
 Metaspace       used 180319K, committed 181824K, reserved 1245184K
  class space    used 23373K, committed 24128K, reserved 1048576K
}
Event: 2287.448 GC heap after
{Heap after GC invocations=84 (full 0):
 garbage-first heap   total 299008K, used 160562K [0x0000000080000000, 0x0000000100000000)
  region size 1024K, 4 young (4096K), 4 survivors (4096K)
 Metaspace       used 180319K, committed 181824K, reserved 1245184K
  class space    used 23373K, committed 24128K, reserved 1048576K
}
Event: 2290.232 GC heap before
{Heap before GC invocations=84 (full 0):
 garbage-first heap   total 299008K, used 272178K [0x0000000080000000, 0x0000000100000000)
  region size 1024K, 114 young (116736K), 4 survivors (4096K)
 Metaspace       used 196147K, committed 197696K, reserved 1245184K
  class space    used 25792K, committed 26560K, reserved 1048576K
}
Event: 2290.246 GC heap after
{Heap after GC invocations=85 (full 0):
 garbage-first heap   total 299008K, used 159969K [0x0000000080000000, 0x0000000100000000)
  region size 1024K, 5 young (5120K), 5 survivors (5120K)
 Metaspace       used 196147K, committed 197696K, reserved 1245184K
  class space    used 25792K, committed 26560K, reserved 1048576K
}
Event: 3337.188 GC heap before
{Heap before GC invocations=86 (full 0):
 garbage-first heap   total 299008K, used 293089K [0x0000000080000000, 0x0000000100000000)
  region size 1024K, 119 young (121856K), 5 survivors (5120K)
 Metaspace       used 196935K, committed 198464K, reserved 1245184K
  class space    used 26190K, committed 26944K, reserved 1048576K
}
Event: 3337.219 GC heap after
{Heap after GC invocations=87 (full 0):
 garbage-first heap   total 308224K, used 165370K [0x0000000080000000, 0x0000000100000000)
  region size 1024K, 13 young (13312K), 13 survivors (13312K)
 Metaspace       used 196935K, committed 198464K, reserved 1245184K
  class space    used 26190K, committed 26944K, reserved 1048576K
}
Event: 3340.254 GC heap before
{Heap before GC invocations=87 (full 0):
 garbage-first heap   total 308224K, used 283130K [0x0000000080000000, 0x0000000100000000)
  region size 1024K, 123 young (125952K), 13 survivors (13312K)
 Metaspace       used 199591K, committed 201152K, reserved 1245184K
  class space    used 26372K, committed 27136K, reserved 1048576K
}
Event: 3340.340 GC heap after
{Heap after GC invocations=88 (full 0):
 garbage-first heap   total 328704K, used 166400K [0x0000000080000000, 0x0000000100000000)
  region size 1024K, 16 young (16384K), 16 survivors (16384K)
 Metaspace       used 199591K, committed 201152K, reserved 1245184K
  class space    used 26372K, committed 27136K, reserved 1048576K
}
Event: 3341.695 GC heap before
{Heap before GC invocations=88 (full 0):
 garbage-first heap   total 328704K, used 212480K [0x0000000080000000, 0x0000000100000000)
  region size 1024K, 63 young (64512K), 16 survivors (16384K)
 Metaspace       used 200048K, committed 201600K, reserved 1245184K
  class space    used 26393K, committed 27200K, reserved 1048576K
}
Event: 3341.726 GC heap after
{Heap after GC invocations=89 (full 0):
 garbage-first heap   total 470016K, used 165376K [0x0000000080000000, 0x0000000100000000)
  region size 1024K, 4 young (4096K), 4 survivors (4096K)
 Metaspace       used 200048K, committed 201600K, reserved 1245184K
  class space    used 26393K, committed 27200K, reserved 1048576K
}
Event: 4355.356 GC heap before
{Heap before GC invocations=90 (full 0):
 garbage-first heap   total 470016K, used 468480K [0x0000000080000000, 0x0000000100000000)
  region size 1024K, 225 young (230400K), 4 survivors (4096K)
 Metaspace       used 200891K, committed 202368K, reserved 1245184K
  class space    used 26411K, committed 27136K, reserved 1048576K
}

