# JRE version: OpenJDK Runtime Environment (21.0.6) (build 21.0.6+-13391695-b895.109)
# Java VM: OpenJDK 64-Bit Server VM (21.0.6+-13391695-b895.109, mixed mode, tiered, compressed oops, compressed class ptrs, g1 gc, windows-amd64)
GC Precious Log:
 CardTable entry size: 512
 Card Set container configuration: InlinePtr #cards 5 size 8 Array Of Cards #cards 12 size 40 Howl #buckets 4 coarsen threshold 1843 Howl Bitmap #cards 512 size 80 coarsen threshold 460 Card regions per heap region 1 cards per card region 2048
 CPUs: 4 total, 4 available
 Memory: 8080M
 Large Page Support: Disabled
 NUMA Support: Disabled
 Compressed Oops: Enabled (32-bit)
 Heap Region Size: 1M
 Heap Min Capacity: 8M
 Heap Initial Capacity: 128M
 Heap Max Capacity: 2G
 Pre-touch: Disabled
 Parallel Workers: 4
 Concurrent Workers: 1
 Concurrent Refinement Workers: 4
 Periodic GC: Disabled
Heap:
 garbage-first heap   total 278528K, used 187249K [0x0000000080000000, 0x0000000100000000)
  region size 1024K, 6 young (6144K), 3 survivors (3072K)
 Metaspace       used 152967K, committed 155456K, reserved 1245184K
  class space    used 20203K, committed 21440K, reserved 1048576K
GC Heap History (20 events):
Event: 56.933 GC heap before
{Heap before GC invocations=57 (full 0):
 garbage-first heap   total 242688K, used 213353K [0x0000000080000000, 0x0000000100000000)
  region size 1024K, 77 young (78848K), 11 survivors (11264K)
 Metaspace       used 130246K, committed 132608K, reserved 1179648K
  class space    used 17103K, committed 18304K, reserved 1048576K
}
Event: 56.955 GC heap after
{Heap after GC invocations=58 (full 0):
 garbage-first heap   total 242688K, used 150428K [0x0000000080000000, 0x0000000100000000)
  region size 1024K, 6 young (6144K), 6 survivors (6144K)
 Metaspace       used 130246K, committed 132608K, reserved 1179648K
  class space    used 17103K, committed 18304K, reserved 1048576K
}
Event: 58.445 GC heap before
{Heap before GC invocations=58 (full 0):
 garbage-first heap   total 242688K, used 214940K [0x0000000080000000, 0x0000000100000000)
  region size 1024K, 70 young (71680K), 6 survivors (6144K)
 Metaspace       used 137379K, committed 139776K, reserved 1179648K
  class space    used 18175K, committed 19392K, reserved 1048576K
}
Event: 58.466 GC heap after
{Heap after GC invocations=59 (full 0):
 garbage-first heap   total 242688K, used 157281K [0x0000000080000000, 0x0000000100000000)
  region size 1024K, 8 young (8192K), 8 survivors (8192K)
 Metaspace       used 137379K, committed 139776K, reserved 1179648K
  class space    used 18175K, committed 19392K, reserved 1048576K
}
Event: 60.191 GC heap before
{Heap before GC invocations=60 (full 0):
 garbage-first heap   total 261120K, used 216673K [0x0000000080000000, 0x0000000100000000)
  region size 1024K, 67 young (68608K), 8 survivors (8192K)
 Metaspace       used 142631K, committed 145024K, reserved 1179648K
  class space    used 18900K, committed 20096K, reserved 1048576K
}
Event: 60.209 GC heap after
{Heap after GC invocations=61 (full 0):
 garbage-first heap   total 261120K, used 158845K [0x0000000080000000, 0x0000000100000000)
  region size 1024K, 3 young (3072K), 3 survivors (3072K)
 Metaspace       used 142631K, committed 145024K, reserved 1179648K
  class space    used 18900K, committed 20096K, reserved 1048576K
}
Event: 62.026 GC heap before
{Heap before GC invocations=61 (full 0):
 garbage-first heap   total 261120K, used 235645K [0x0000000080000000, 0x0000000100000000)
  region size 1024K, 78 young (79872K), 3 survivors (3072K)
 Metaspace       used 146646K, committed 149056K, reserved 1179648K
  class space    used 19480K, committed 20672K, reserved 1048576K
}
Event: 62.038 GC heap after
{Heap after GC invocations=62 (full 0):
 garbage-first heap   total 261120K, used 158633K [0x0000000080000000, 0x0000000100000000)
  region size 1024K, 4 young (4096K), 4 survivors (4096K)
 Metaspace       used 146646K, committed 149056K, reserved 1179648K
  class space    used 19480K, committed 20672K, reserved 1048576K
}
Event: 64.583 GC heap before
{Heap before GC invocations=62 (full 0):
 garbage-first heap   total 261120K, used 258985K [0x0000000080000000, 0x0000000100000000)
  region size 1024K, 78 young (79872K), 4 survivors (4096K)
 Metaspace       used 151825K, committed 154304K, reserved 1245184K
  class space    used 20198K, committed 21440K, reserved 1048576K
}
Event: 64.607 GC heap after
{Heap after GC invocations=63 (full 0):
 garbage-first heap   total 270336K, used 152642K [0x0000000080000000, 0x0000000100000000)
  region size 1024K, 5 young (5120K), 5 survivors (5120K)
 Metaspace       used 151825K, committed 154304K, reserved 1245184K
  class space    used 20198K, committed 21440K, reserved 1048576K
}
Event: 672.862 GC heap before
{Heap before GC invocations=63 (full 0):
 garbage-first heap   total 270336K, used 248898K [0x0000000080000000, 0x0000000100000000)
  region size 1024K, 100 young (102400K), 5 survivors (5120K)
 Metaspace       used 152502K, committed 154944K, reserved 1245184K
  class space    used 20208K, committed 21440K, reserved 1048576K
}
Event: 672.888 GC heap after
{Heap after GC invocations=64 (full 0):
 garbage-first heap   total 270336K, used 163361K [0x0000000080000000, 0x0000000100000000)
  region size 1024K, 13 young (13312K), 13 survivors (13312K)
 Metaspace       used 152502K, committed 154944K, reserved 1245184K
  class space    used 20208K, committed 21440K, reserved 1048576K
}
Event: 673.126 GC heap before
{Heap before GC invocations=64 (full 0):
 garbage-first heap   total 270336K, used 166433K [0x0000000080000000, 0x0000000100000000)
  region size 1024K, 17 young (17408K), 13 survivors (13312K)
 Metaspace       used 152508K, committed 154944K, reserved 1245184K
  class space    used 20208K, committed 21440K, reserved 1048576K
}
Event: 673.150 GC heap after
{Heap after GC invocations=65 (full 0):
 garbage-first heap   total 270336K, used 166385K [0x0000000080000000, 0x0000000100000000)
  region size 1024K, 3 young (3072K), 3 survivors (3072K)
 Metaspace       used 152508K, committed 154944K, reserved 1245184K
  class space    used 20208K, committed 21440K, reserved 1048576K
}
Event: 680.365 GC heap before
{Heap before GC invocations=66 (full 0):
 garbage-first heap   total 278528K, used 239089K [0x0000000080000000, 0x0000000100000000)
  region size 1024K, 71 young (72704K), 3 survivors (3072K)
 Metaspace       used 152627K, committed 155072K, reserved 1245184K
  class space    used 20206K, committed 21440K, reserved 1048576K
}
Event: 680.442 GC heap after
{Heap after GC invocations=67 (full 0):
 garbage-first heap   total 278528K, used 181248K [0x0000000080000000, 0x0000000100000000)
  region size 1024K, 9 young (9216K), 9 survivors (9216K)
 Metaspace       used 152627K, committed 155072K, reserved 1245184K
  class space    used 20206K, committed 21440K, reserved 1048576K
}
Event: 684.616 GC heap before
{Heap before GC invocations=67 (full 0):
 garbage-first heap   total 278528K, used 243712K [0x0000000080000000, 0x0000000100000000)
  region size 1024K, 71 young (72704K), 9 survivors (9216K)
 Metaspace       used 152898K, committed 155392K, reserved 1245184K
  class space    used 20206K, committed 21440K, reserved 1048576K
}
Event: 684.644 GC heap after
{Heap after GC invocations=68 (full 0):
 garbage-first heap   total 278528K, used 166864K [0x0000000080000000, 0x0000000100000000)
  region size 1024K, 5 young (5120K), 5 survivors (5120K)
 Metaspace       used 152898K, committed 155392K, reserved 1245184K
  class space    used 20206K, committed 21440K, reserved 1048576K
}
Event: 685.494 GC heap before
{Heap before GC invocations=68 (full 0):
 garbage-first heap   total 278528K, used 182224K [0x0000000080000000, 0x0000000100000000)
  region size 1024K, 22 young (22528K), 5 survivors (5120K)
 Metaspace       used 152955K, committed 155456K, reserved 1245184K
  class space    used 20206K, committed 21440K, reserved 1048576K
}
Event: 685.503 GC heap after
{Heap after GC invocations=69 (full 0):
 garbage-first heap   total 278528K, used 165112K [0x0000000080000000, 0x0000000100000000)
  region size 1024K, 3 young (3072K), 3 survivors (3072K)
 Metaspace       used 152955K, committed 155456K, reserved 1245184K
  class space    used 20206K, committed 21440K, reserved 1048576K
}

